0 info it worked if it ends with ok
1 verbose cli [ 'C:\\Program Files (x86)\\nodejs\\\\node.exe',
1 verbose cli   'C:\\Program Files (x86)\\nodejs\\node_modules\\npm\\bin\\npm-cli.js',
1 verbose cli   'install',
1 verbose cli   '-g',
1 verbose cli   'firebase-tools' ]
2 info using npm@2.11.3
3 info using node@v0.12.7
4 verbose install initial load of C:\Users\b00265222\AppData\Roaming\npm\package.json
5 verbose readDependencies loading dependencies from C:\Users\b00265222\AppData\Roaming\npm\package.json
6 silly cache add args [ 'firebase-tools', null ]
7 verbose cache add spec firebase-tools
8 silly cache add parsed spec { raw: 'firebase-tools',
8 silly cache add   scope: null,
8 silly cache add   name: 'firebase-tools',
8 silly cache add   rawSpec: '',
8 silly cache add   spec: '*',
8 silly cache add   type: 'range' }
9 silly addNamed firebase-tools@*
10 verbose addNamed "*" is a valid semver range for firebase-tools
11 silly addNameRange { name: 'firebase-tools', range: '*', hasData: false }
12 silly mapToRegistry name firebase-tools
13 silly mapToRegistry using default registry
14 silly mapToRegistry registry https://registry.npmjs.org/
15 silly mapToRegistry uri https://registry.npmjs.org/firebase-tools
16 verbose addNameRange registry:https://registry.npmjs.org/firebase-tools not in flight; fetching
17 verbose request uri https://registry.npmjs.org/firebase-tools
18 verbose request no auth needed
19 info attempt registry request try #1 at 1:22:03 PM
20 verbose request id 1fc0a2bd3349a4f0
21 http request GET https://registry.npmjs.org/firebase-tools
22 info retry will retry, error on last attempt: Error: connect ECONNREFUSED
23 info attempt registry request try #2 at 1:22:14 PM
24 http request GET https://registry.npmjs.org/firebase-tools
25 info retry will retry, error on last attempt: Error: connect ECONNREFUSED
26 info attempt registry request try #3 at 1:23:15 PM
27 http request GET https://registry.npmjs.org/firebase-tools
28 verbose stack Error: connect ECONNREFUSED
28 verbose stack     at exports._errnoException (util.js:746:11)
28 verbose stack     at TCPConnectWrap.afterConnect [as oncomplete] (net.js:1010:19)
29 verbose cwd E:\UNI\2ndYear\Mobile web development\pmd_Project_b00265222
30 error Windows_NT 6.1.7601
31 error argv "C:\\Program Files (x86)\\nodejs\\\\node.exe" "C:\\Program Files (x86)\\nodejs\\node_modules\\npm\\bin\\npm-cli.js" "install" "-g" "firebase-tools"
32 error node v0.12.7
33 error npm  v2.11.3
34 error code ECONNREFUSED
35 error errno ECONNREFUSED
36 error syscall connect
37 error Error: connect ECONNREFUSED
37 error     at exports._errnoException (util.js:746:11)
37 error     at TCPConnectWrap.afterConnect [as oncomplete] (net.js:1010:19)
37 error  { [Error: connect ECONNREFUSED]
37 error   code: 'ECONNREFUSED',
37 error   errno: 'ECONNREFUSED',
37 error   syscall: 'connect' }
38 error If you are behind a proxy, please make sure that the
38 error 'proxy' config is set properly.  See: 'npm help config'
39 verbose exit [ 1, true ]
